<?xml version="1.0" encoding="UTF-8" standalone="no"?>
<!DOCTYPE log SYSTEM "logger.dtd">
<log>
<record>
  <date>2024-02-13T20:38:10.493535800Z</date>
  <millis>1707856690493</millis>
  <nanos>535800</nanos>
  <sequence>0</sequence>
  <level>START</level>
  <class>com.kms.katalon.core.logging.XmlKeywordLogger</class>
  <method>startSuite</method>
  <thread>1</thread>
  <message>Start Test Suite : Test Suites/CURA_Setup And Tear_Down_TS/CURA_Setup and TearDown_TS_Login_001</message>
  <nestedLevel>0</nestedLevel>
  <escapedJava>false</escapedJava>
  <property name="rerunTestFailImmediately">true</property>
  <property name="retryCount">3</property>
  <property name="name">CURA_Setup and TearDown_TS_Login_001</property>
  <property name="description"></property>
  <property name="id">Test Suites/CURA_Setup And Tear_Down_TS/CURA_Setup and TearDown_TS_Login_001</property>
</record>
<record>
  <date>2024-02-13T20:38:10.522524700Z</date>
  <millis>1707856690522</millis>
  <nanos>524700</nanos>
  <sequence>1</sequence>
  <level>RUN_DATA</level>
  <class>com.kms.katalon.core.logging.XmlKeywordLogger</class>
  <method>logMessage</method>
  <thread>1</thread>
  <message>hostName = Lenovo - 192.168.1.23</message>
  <nestedLevel>0</nestedLevel>
  <escapedJava>false</escapedJava>
  <property name="hostName">Lenovo - 192.168.1.23</property>
</record>
<record>
  <date>2024-02-13T20:38:10.523531600Z</date>
  <millis>1707856690523</millis>
  <nanos>531600</nanos>
  <sequence>2</sequence>
  <level>RUN_DATA</level>
  <class>com.kms.katalon.core.logging.XmlKeywordLogger</class>
  <method>logMessage</method>
  <thread>1</thread>
  <message>os = Windows 11 64bit</message>
  <nestedLevel>0</nestedLevel>
  <escapedJava>false</escapedJava>
  <property name="os">Windows 11 64bit</property>
</record>
<record>
  <date>2024-02-13T20:38:10.524534600Z</date>
  <millis>1707856690524</millis>
  <nanos>534600</nanos>
  <sequence>3</sequence>
  <level>RUN_DATA</level>
  <class>com.kms.katalon.core.logging.XmlKeywordLogger</class>
  <method>logMessage</method>
  <thread>1</thread>
  <message>hostAddress = 192.168.1.23</message>
  <nestedLevel>0</nestedLevel>
  <escapedJava>false</escapedJava>
  <property name="hostAddress">192.168.1.23</property>
</record>
<record>
  <date>2024-02-13T20:38:10.525530200Z</date>
  <millis>1707856690525</millis>
  <nanos>530200</nanos>
  <sequence>4</sequence>
  <level>RUN_DATA</level>
  <class>com.kms.katalon.core.logging.XmlKeywordLogger</class>
  <method>logMessage</method>
  <thread>1</thread>
  <message>katalonVersion = 9.2.0.212</message>
  <nestedLevel>0</nestedLevel>
  <escapedJava>false</escapedJava>
  <property name="katalonVersion">9.2.0.212</property>
</record>
<record>
  <date>2024-02-13T20:38:10.657835100Z</date>
  <millis>1707856690657</millis>
  <nanos>835100</nanos>
  <sequence>5</sequence>
  <level>START</level>
  <class>com.kms.katalon.core.logging.XmlKeywordLogger</class>
  <method>startKeyword</method>
  <thread>1</thread>
  <message>Start setup action : setUp</message>
  <nestedLevel>0</nestedLevel>
  <escapedJava>false</escapedJava>
  <property name="isIgnoredIfFailed">false</property>
</record>
<record>
  <date>2024-02-13T20:38:10.797392500Z</date>
  <millis>1707856690797</millis>
  <nanos>392500</nanos>
  <sequence>6</sequence>
  <level>START</level>
  <class>com.kms.katalon.core.logging.XmlKeywordLogger</class>
  <method>startKeyword</method>
  <thread>1</thread>
  <message>Start action : println(&amp;quot;.....I Am inside setUp &amp;quot;)</message>
  <nestedLevel>1</nestedLevel>
  <escapedJava>false</escapedJava>
  <property name="startLine">36</property>
  <property name="stepIndex">1</property>
</record>
<record>
  <date>2024-02-13T20:38:10.809396700Z</date>
  <millis>1707856690809</millis>
  <nanos>396700</nanos>
  <sequence>7</sequence>
  <level>END</level>
  <class>com.kms.katalon.core.logging.XmlKeywordLogger</class>
  <method>endKeyword</method>
  <thread>1</thread>
  <message>End action : println(&amp;quot;.....I Am inside setUp &amp;quot;)</message>
  <nestedLevel>1</nestedLevel>
  <escapedJava>false</escapedJava>
</record>
<record>
  <date>2024-02-13T20:38:10.823391800Z</date>
  <millis>1707856690823</millis>
  <nanos>391800</nanos>
  <sequence>9</sequence>
  <level>PASSED</level>
  <class>com.kms.katalon.core.logging.XmlKeywordLogger</class>
  <method>logMessage</method>
  <thread>1</thread>
  <message>Method &amp;apos;setUp&amp;apos; complete successfully</message>
  <nestedLevel>0</nestedLevel>
  <escapedJava>false</escapedJava>
  <property name="testops-execution-stacktrace">com.kms.katalon.core.logging.KeywordLogger.logPassed(KeywordLogger.java:343)
com.kms.katalon.core.logging.KeywordLogger.logPassed(KeywordLogger.java:357)
com.kms.katalon.core.main.TestSuiteExecutor.runMethod(TestSuiteExecutor.java:242)
com.kms.katalon.core.main.TestSuiteExecutor.lambda$0(TestSuiteExecutor.java:202)
com.kms.katalon.core.main.TestSuiteExecutor.invokeTestSuiteMethod(TestSuiteExecutor.java:201)
com.kms.katalon.core.main.TestSuiteExecutor.accessTestSuiteMainPhase(TestSuiteExecutor.java:131)
com.kms.katalon.core.main.TestSuiteExecutor.execute(TestSuiteExecutor.java:106)
com.kms.katalon.core.main.TestCaseMain.startTestSuite(TestCaseMain.java:180)
TempTestSuite1707856685295.run(TempTestSuite1707856685295.groovy:36)
java.base/jdk.internal.reflect.NativeMethodAccessorImpl.invoke0(Native Method)
java.base/jdk.internal.reflect.NativeMethodAccessorImpl.invoke(NativeMethodAccessorImpl.java:77)
java.base/jdk.internal.reflect.DelegatingMethodAccessorImpl.invoke(DelegatingMethodAccessorImpl.java:43)
</property>
</record>
<record>
  <date>2024-02-13T20:38:10.824393300Z</date>
  <millis>1707856690824</millis>
  <nanos>393300</nanos>
  <sequence>10</sequence>
  <level>END</level>
  <class>com.kms.katalon.core.logging.XmlKeywordLogger</class>
  <method>endKeyword</method>
  <thread>1</thread>
  <message>End End action : setUp</message>
  <nestedLevel>0</nestedLevel>
  <escapedJava>false</escapedJava>
</record>
<record>
  <date>2024-02-13T20:38:10.958270200Z</date>
  <millis>1707856690958</millis>
  <nanos>270200</nanos>
  <sequence>11</sequence>
  <level>START</level>
  <class>com.kms.katalon.core.logging.XmlKeywordLogger</class>
  <method>startTest</method>
  <thread>1</thread>
  <message>Start Test Case : Test Cases/CURA_TC_Setup And TearDown/CURA_TC_SetUp And TearDown_Login_001</message>
  <nestedLevel>1</nestedLevel>
  <escapedJava>false</escapedJava>
  <property name="remainingRetryCount">3</property>
  <property name="name">Test Cases/CURA_TC_Setup And TearDown/CURA_TC_SetUp And TearDown_Login_001</property>
  <property name="description"></property>
  <property name="iteration"></property>
  <property name="id">Test Cases/CURA_TC_Setup And TearDown/CURA_TC_SetUp And TearDown_Login_001</property>
  <property name="source">C:\Users\Lenovo\git\Katalon_Automation_CURA_Health_Service\Test Cases\CURA_TC_Setup And TearDown\CURA_TC_SetUp And TearDown_Login_001.tc</property>
  <property name="tag"></property>
  <property name="isOptional">false</property>
  <property name="currentRetryCount">0</property>
</record>
<record>
  <date>2024-02-13T20:38:11.063452Z</date>
  <millis>1707856691063</millis>
  <nanos>452000</nanos>
  <sequence>13</sequence>
  <level>START</level>
  <class>com.kms.katalon.core.logging.XmlKeywordLogger</class>
  <method>startKeyword</method>
  <thread>1</thread>
  <message>Start action : println(&amp;quot;I am inside tset case CURA_TC_SetUp And TearDown_Login_001&amp;quot;)</message>
  <nestedLevel>1</nestedLevel>
  <escapedJava>false</escapedJava>
  <property name="startLine">20</property>
  <property name="stepIndex">1</property>
</record>
<record>
  <date>2024-02-13T20:38:11.068431700Z</date>
  <millis>1707856691068</millis>
  <nanos>431700</nanos>
  <sequence>14</sequence>
  <level>END</level>
  <class>com.kms.katalon.core.logging.XmlKeywordLogger</class>
  <method>endKeyword</method>
  <thread>1</thread>
  <message>End action : println(&amp;quot;I am inside tset case CURA_TC_SetUp And TearDown_Login_001&amp;quot;)</message>
  <nestedLevel>1</nestedLevel>
  <escapedJava>false</escapedJava>
</record>
<record>
  <date>2024-02-13T20:38:11.070425500Z</date>
  <millis>1707856691070</millis>
  <nanos>425500</nanos>
  <sequence>15</sequence>
  <level>PASSED</level>
  <class>com.kms.katalon.core.logging.XmlKeywordLogger</class>
  <method>logMessage</method>
  <thread>1</thread>
  <message>Test Cases/CURA_TC_Setup And TearDown/CURA_TC_SetUp And TearDown_Login_001</message>
  <nestedLevel>1</nestedLevel>
  <escapedJava>false</escapedJava>
</record>
<record>
  <date>2024-02-13T20:38:11.072437300Z</date>
  <millis>1707856691072</millis>
  <nanos>437300</nanos>
  <sequence>16</sequence>
  <level>END</level>
  <class>com.kms.katalon.core.logging.XmlKeywordLogger</class>
  <method>endTest</method>
  <thread>1</thread>
  <message>End Test Case : Test Cases/CURA_TC_Setup And TearDown/CURA_TC_SetUp And TearDown_Login_001</message>
  <nestedLevel>0</nestedLevel>
  <escapedJava>false</escapedJava>
  <property name="executionBindingVariables">[]</property>
  <property name="applitools">false</property>
  <property name="remainingRetryCount">3</property>
  <property name="currentRetryCount">0</property>
  <property name="keywordsUsage">{
  &quot;web_ui&quot;: false,
  &quot;web_service&quot;: false,
  &quot;cucumber&quot;: false,
  &quot;builtin&quot;: false,
  &quot;mobile&quot;: false,
  &quot;windows&quot;: false,
  &quot;testng&quot;: false
}</property>
</record>
<record>
  <date>2024-02-13T20:38:11.076424400Z</date>
  <millis>1707856691076</millis>
  <nanos>424400</nanos>
  <sequence>17</sequence>
  <level>START</level>
  <class>com.kms.katalon.core.logging.XmlKeywordLogger</class>
  <method>startKeyword</method>
  <thread>1</thread>
  <message>Start tear down : tearDown</message>
  <nestedLevel>0</nestedLevel>
  <escapedJava>false</escapedJava>
  <property name="isIgnoredIfFailed">true</property>
</record>
<record>
  <date>2024-02-13T20:38:11.079439800Z</date>
  <millis>1707856691079</millis>
  <nanos>439800</nanos>
  <sequence>18</sequence>
  <level>START</level>
  <class>com.kms.katalon.core.logging.XmlKeywordLogger</class>
  <method>startKeyword</method>
  <thread>1</thread>
  <message>Start action : println(&amp;quot;.....I Am inside tearDown &amp;quot;)</message>
  <nestedLevel>1</nestedLevel>
  <escapedJava>false</escapedJava>
  <property name="startLine">44</property>
  <property name="stepIndex">1</property>
</record>
<record>
  <date>2024-02-13T20:38:11.081429700Z</date>
  <millis>1707856691081</millis>
  <nanos>429700</nanos>
  <sequence>19</sequence>
  <level>END</level>
  <class>com.kms.katalon.core.logging.XmlKeywordLogger</class>
  <method>endKeyword</method>
  <thread>1</thread>
  <message>End action : println(&amp;quot;.....I Am inside tearDown &amp;quot;)</message>
  <nestedLevel>1</nestedLevel>
  <escapedJava>false</escapedJava>
</record>
<record>
  <date>2024-02-13T20:38:11.083436400Z</date>
  <millis>1707856691083</millis>
  <nanos>436400</nanos>
  <sequence>21</sequence>
  <level>PASSED</level>
  <class>com.kms.katalon.core.logging.XmlKeywordLogger</class>
  <method>logMessage</method>
  <thread>1</thread>
  <message>Method &amp;apos;tearDown&amp;apos; complete successfully</message>
  <nestedLevel>0</nestedLevel>
  <escapedJava>false</escapedJava>
  <property name="testops-execution-stacktrace">com.kms.katalon.core.logging.KeywordLogger.logPassed(KeywordLogger.java:343)
com.kms.katalon.core.logging.KeywordLogger.logPassed(KeywordLogger.java:357)
com.kms.katalon.core.main.TestSuiteExecutor.runMethod(TestSuiteExecutor.java:242)
com.kms.katalon.core.main.TestSuiteExecutor.lambda$0(TestSuiteExecutor.java:202)
com.kms.katalon.core.main.TestSuiteExecutor.invokeTestSuiteMethod(TestSuiteExecutor.java:201)
com.kms.katalon.core.main.TestSuiteExecutor.accessTestSuiteMainPhase(TestSuiteExecutor.java:154)
com.kms.katalon.core.main.TestSuiteExecutor.execute(TestSuiteExecutor.java:106)
com.kms.katalon.core.main.TestCaseMain.startTestSuite(TestCaseMain.java:180)
TempTestSuite1707856685295.run(TempTestSuite1707856685295.groovy:36)
java.base/jdk.internal.reflect.NativeMethodAccessorImpl.invoke0(Native Method)
java.base/jdk.internal.reflect.NativeMethodAccessorImpl.invoke(NativeMethodAccessorImpl.java:77)
java.base/jdk.internal.reflect.DelegatingMethodAccessorImpl.invoke(DelegatingMethodAccessorImpl.java:43)
</property>
</record>
<record>
  <date>2024-02-13T20:38:11.084438Z</date>
  <millis>1707856691084</millis>
  <nanos>438000</nanos>
  <sequence>22</sequence>
  <level>END</level>
  <class>com.kms.katalon.core.logging.XmlKeywordLogger</class>
  <method>endKeyword</method>
  <thread>1</thread>
  <message>End End action : tearDown</message>
  <nestedLevel>0</nestedLevel>
  <escapedJava>false</escapedJava>
</record>
<record>
  <date>2024-02-13T20:38:11.085431Z</date>
  <millis>1707856691085</millis>
  <nanos>431000</nanos>
  <sequence>23</sequence>
  <level>START</level>
  <class>com.kms.katalon.core.logging.XmlKeywordLogger</class>
  <method>startKeyword</method>
  <thread>1</thread>
  <message>Start listener action : exportKatalonReports</message>
  <nestedLevel>0</nestedLevel>
  <escapedJava>false</escapedJava>
</record>
<record>
  <date>2024-02-13T20:38:11.440002700Z</date>
  <millis>1707856691440</millis>
  <nanos>2700</nanos>
  <sequence>67</sequence>
  <level>INFO</level>
  <class>com.kms.katalon.core.logging.XmlKeywordLogger</class>
  <method>logMessage</method>
  <thread>1</thread>
  <message>Start generating HTML report folder at: C:\Users\Lenovo\git\Katalon_Automation_CURA_Health_Service\Reports\20240214_020805\CURA_Setup And Tear_Down_TS\CURA_Setup and TearDown_TS_Login_001\20240214_020805...</message>
  <nestedLevel>0</nestedLevel>
  <escapedJava>false</escapedJava>
</record>
<record>
  <date>2024-02-13T20:38:11.487554Z</date>
  <millis>1707856691487</millis>
  <nanos>554000</nanos>
  <sequence>68</sequence>
  <level>INFO</level>
  <class>com.kms.katalon.core.logging.XmlKeywordLogger</class>
  <method>logMessage</method>
  <thread>1</thread>
  <message>HTML report generated</message>
  <nestedLevel>0</nestedLevel>
  <escapedJava>false</escapedJava>
</record>
<record>
  <date>2024-02-13T20:38:11.488554400Z</date>
  <millis>1707856691488</millis>
  <nanos>554400</nanos>
  <sequence>69</sequence>
  <level>INFO</level>
  <class>com.kms.katalon.core.logging.XmlKeywordLogger</class>
  <method>logMessage</method>
  <thread>1</thread>
  <message>Start generating CSV report folder at: C:\Users\Lenovo\git\Katalon_Automation_CURA_Health_Service\Reports\20240214_020805\CURA_Setup And Tear_Down_TS\CURA_Setup and TearDown_TS_Login_001\20240214_020805...</message>
  <nestedLevel>0</nestedLevel>
  <escapedJava>false</escapedJava>
</record>
<record>
  <date>2024-02-13T20:38:11.508977700Z</date>
  <millis>1707856691508</millis>
  <nanos>977700</nanos>
  <sequence>70</sequence>
  <level>INFO</level>
  <class>com.kms.katalon.core.logging.XmlKeywordLogger</class>
  <method>logMessage</method>
  <thread>1</thread>
  <message>CSV report generated</message>
  <nestedLevel>0</nestedLevel>
  <escapedJava>false</escapedJava>
</record>
<record>
  <date>2024-02-13T20:38:11.899015700Z</date>
  <millis>1707856691899</millis>
  <nanos>15700</nanos>
  <sequence>72</sequence>
  <level>END</level>
  <class>com.kms.katalon.core.logging.XmlKeywordLogger</class>
  <method>endKeyword</method>
  <thread>1</thread>
  <message>End listener action : exportKatalonReports</message>
  <nestedLevel>0</nestedLevel>
  <escapedJava>false</escapedJava>
</record>
<record>
  <date>2024-02-13T20:38:11.955535600Z</date>
  <millis>1707856691955</millis>
  <nanos>535600</nanos>
  <sequence>73</sequence>
  <level>END</level>
  <class>com.kms.katalon.core.logging.XmlKeywordLogger</class>
  <method>endSuite</method>
  <thread>1</thread>
  <message>End Test Suite : Test Suites/CURA_Setup And Tear_Down_TS/CURA_Setup and TearDown_TS_Login_001</message>
  <nestedLevel>0</nestedLevel>
  <escapedJava>false</escapedJava>
</record>
</log>
